<?xml version="1.0" encoding="UTF-8" ?>
<testsuite failures="0" time="1.454" errors="0" skipped="0" tests="1" name="org.andrewxiang.testMyBatis.TestMyBatis">
  <properties>
    <property name="java.runtime.name" value="Java(TM) SE Runtime Environment"/>
    <property name="sun.boot.library.path" value="D:\Program Files\Java\jdk1.7.0_45\jre\bin"/>
    <property name="java.vm.version" value="24.45-b08"/>
    <property name="java.vm.vendor" value="Oracle Corporation"/>
    <property name="java.vendor.url" value="http://java.oracle.com/"/>
    <property name="path.separator" value=";"/>
    <property name="guice.disable.misplaced.annotation.check" value="true"/>
    <property name="java.vm.name" value="Java HotSpot(TM) 64-Bit Server VM"/>
    <property name="file.encoding.pkg" value="sun.io"/>
    <property name="user.script" value=""/>
    <property name="user.country" value="CN"/>
    <property name="sun.java.launcher" value="SUN_STANDARD"/>
    <property name="sun.os.patch.level" value="Service Pack 1"/>
    <property name="java.vm.specification.name" value="Java Virtual Machine Specification"/>
    <property name="user.dir" value="D:\Program_Code\JavaWeb\Work\ssm"/>
    <property name="java.runtime.version" value="1.7.0_45-b18"/>
    <property name="java.awt.graphicsenv" value="sun.awt.Win32GraphicsEnvironment"/>
    <property name="java.endorsed.dirs" value="D:\Program Files\Java\jdk1.7.0_45\jre\lib\endorsed"/>
    <property name="os.arch" value="amd64"/>
    <property name="java.io.tmpdir" value="C:\Users\ANDREW~1\AppData\Local\Temp\"/>
    <property name="line.separator" value="
"/>
    <property name="java.vm.specification.vendor" value="Oracle Corporation"/>
    <property name="user.variant" value=""/>
    <property name="os.name" value="Windows 7"/>
    <property name="classworlds.conf" value="D:\Program_Code\JavaWeb\Work\.metadata\.plugins\org.eclipse.m2e.launching\launches\m2conf5305481212207490601.tmp"/>
    <property name="sun.jnu.encoding" value="GBK"/>
    <property name="java.library.path" value="D:\Program Files\Java\jdk1.7.0_45\bin;C:\Windows\Sun\Java\bin;C:\Windows\system32;C:\Windows;D:\Program Files\Java\jdk1.7.0_45\jre\bin;D:/Program Files/Java/jdk1.7.0_45/BIN/../jre/bin/server;D:/Program Files/Java/jdk1.7.0_45/BIN/../jre/bin;D:/Program Files/Java/jdk1.7.0_45/BIN/../jre/lib/amd64;.;D:\Program Files\Java\jdk1.7.0_45\BIN;C:\PROGRAM FILES (X86)\INTEL\ICLS CLIENT\;C:\PROGRAM FILES\INTEL\ICLS CLIENT\;C:\Windows\SYSTEM32;C:\Windows;C:\Windows\SYSTEM32\WBEM;C:\Windows\SYSTEM32\WINDOWSPOWERSHELL\V1.0\;C:\PROGRAM FILES\INTEL\WIFI\BIN\;C:\PROGRAM FILES\COMMON FILES\INTEL\WIRELESSCOMMON\;C:\PROGRAM FILES\INTEL\INTEL(R) MANAGEMENT ENGINE COMPONENTS\DAL;C:\PROGRAM FILES\INTEL\INTEL(R) MANAGEMENT ENGINE COMPONENTS\IPT;C:\PROGRAM FILES (X86)\INTEL\INTEL(R) MANAGEMENT ENGINE COMPONENTS\DAL;C:\PROGRAM FILES (X86)\INTEL\INTEL(R) MANAGEMENT ENGINE COMPONENTS\IPT;;C:\PROGRAM FILES (X86)\INTEL\OPENCL SDK\3.0\BIN\X86;C:\PROGRAM FILES (X86)\INTEL\OPENCL SDK\3.0\BIN\X64;D:\PROGRAM FILES\CALIBRE2\;C:\PROGRAM FILES\MICROSOFT\WEB PLATFORM INSTALLER\;C:\PROGRAM FILES (X86)\MICROSOFT ASP.NET\ASP.NET WEB PAGES\V1.0\;C:\PROGRAM FILES (X86)\WINDOWS KITS\8.0\WINDOWS PERFORMANCE TOOLKIT\;C:\PROGRAM FILES\MICROSOFT SQL SERVER\110\TOOLS\BINN\;C:\PROGRAM FILES (X86)\MACTYPE;D:\Program Files\Java\jdk1.7.0_45\JRE\BIN;D:\Program Files\apache-tomcat-7.0.55\LIB;D:\Program Files\apache-tomcat-7.0.55\BIN;D:\MYSQL\MYSQL SERVER 5.6\BIN;D:\MYSQL\MYSQL UTILITIES 1.3.6\;C:\PROGRAM FILES (X86)\MICROSOFT SQL SERVER\100\TOOLS\BINN\;C:\PROGRAM FILES (X86)\MICROSOFT SQL SERVER\100\DTS\BINN\;C:\PROGRAM FILES (X86)\MICROSOFT SQL SERVER\100\TOOLS\BINN\VSSHELL\COMMON7\IDE\;C:\PROGRAM FILES (X86)\MICROSOFT VISUAL STUDIO 9.0\COMMON7\IDE\PRIVATEASSEMBLIES\;D:\Program Files\apache-maven-3.2.3\BIN;E:\Software\Android\adt-bundle-windows-x86_64-20140702\sdk\TOOLS;E:\Software\Android\adt-bundle-windows-x86_64-20140702\sdk\PLATFORM-TOOLS;E:\Software\Android\android-ndk-r10c;E:\Software\Android\apktool;E:\Software\Android\signapk;D:\PROGRAM FILES\VISUALSVN SERVER\BIN;D:\PROGRAM FILES\TORTOISESVN\BIN;C:\Program Files\ThinkPad\Bluetooth Software\;C:\Program Files\ThinkPad\Bluetooth Software\syswow64;C:\Program Files\Intel\WiFi\bin\;C:\Program Files\Common Files\Intel\WirelessCommon\;E:\Software\Eclipse\Java EE\eclipse;;."/>
    <property name="java.specification.name" value="Java Platform API Specification"/>
    <property name="java.class.version" value="51.0"/>
    <property name="sun.management.compiler" value="HotSpot 64-Bit Tiered Compilers"/>
    <property name="os.version" value="6.1"/>
    <property name="user.home" value="C:\Users\AndrewXiang"/>
    <property name="user.timezone" value="Asia/Shanghai"/>
    <property name="java.awt.printerjob" value="sun.awt.windows.WPrinterJob"/>
    <property name="java.specification.version" value="1.7"/>
    <property name="file.encoding" value="GBK"/>
    <property name="user.name" value="AndrewXiang"/>
    <property name="java.class.path" value="D:\Program Files\apache-maven-3.2.3\boot\plexus-classworlds-2.5.1.jar"/>
    <property name="java.vm.specification.version" value="1.7"/>
    <property name="sun.arch.data.model" value="64"/>
    <property name="java.home" value="D:\Program Files\Java\jdk1.7.0_45\jre"/>
    <property name="sun.java.command" value="org.codehaus.classworlds.Launcher -B -s C:\Users\AndrewXiang\.m2\settings.xml test"/>
    <property name="java.specification.vendor" value="Oracle Corporation"/>
    <property name="user.language" value="zh"/>
    <property name="awt.toolkit" value="sun.awt.windows.WToolkit"/>
    <property name="java.vm.info" value="mixed mode"/>
    <property name="java.version" value="1.7.0_45"/>
    <property name="java.ext.dirs" value="D:\Program Files\Java\jdk1.7.0_45\jre\lib\ext;C:\Windows\Sun\Java\lib\ext"/>
    <property name="sun.boot.class.path" value="D:\Program Files\Java\jdk1.7.0_45\jre\lib\resources.jar;D:\Program Files\Java\jdk1.7.0_45\jre\lib\rt.jar;D:\Program Files\Java\jdk1.7.0_45\jre\lib\sunrsasign.jar;D:\Program Files\Java\jdk1.7.0_45\jre\lib\jsse.jar;D:\Program Files\Java\jdk1.7.0_45\jre\lib\jce.jar;D:\Program Files\Java\jdk1.7.0_45\jre\lib\charsets.jar;D:\Program Files\Java\jdk1.7.0_45\jre\lib\jfr.jar;D:\Program Files\Java\jdk1.7.0_45\jre\classes"/>
    <property name="java.vendor" value="Oracle Corporation"/>
    <property name="maven.home" value="D:\Program Files\apache-maven-3.2.3"/>
    <property name="file.separator" value="\"/>
    <property name="java.vendor.url.bug" value="http://bugreport.sun.com/bugreport/"/>
    <property name="maven.bootclasspath" value="D:\Program Files\apache-maven-3.2.3\boot\plexus-classworlds-2.5.1.jar"/>
    <property name="sun.cpu.endian" value="little"/>
    <property name="sun.io.unicode.encoding" value="UnicodeLittle"/>
    <property name="sun.desktop" value="windows"/>
    <property name="sun.cpu.isalist" value="amd64"/>
  </properties>
  <testcase time="1.454" classname="org.andrewxiang.testMyBatis.TestMyBatis" name="test1"/>
</testsuite>